This is pdfTeX, Version 3.1415926-2.5-1.40.14 (TeX Live 2013/Debian) (format=pdflatex 2015.7.6)  7 JUL 2015 03:15
entering extended mode
 restricted \write18 enabled.
 %&-line parsing enabled.
**titlepage.tex
(./titlepage.tex
LaTeX2e <2011/06/27>
Babel <3.9h> and hyphenation patterns for 78 languages loaded.

! LaTeX Error: Environment titlepage undefined.

See the LaTeX manual or LaTeX Companion for explanation.
Type  H <return>  for immediate help.
 ...                                              
                                                  
l.1 \begin{titlepage}
                     
Your command was ignored.
Type  I <command> <return>  to replace it with another command,
or  <return>  to continue without it.


! LaTeX Error: Missing \begin{document}.

See the LaTeX manual or LaTeX Companion for explanation.
Type  H <return>  for immediate help.
 ...                                              
                                                  
l.2 \begin{center}
                  
You're in trouble here.  Try typing  <return>  to proceed.
If that doesn't work, type  X <return>  to quit.


Overfull \hbox (20.0pt too wide) in paragraph at lines 2--2
[] 
 []

! Undefined control sequence.
l.8 {\color
           {blue}\rule{\linewidth}{2pt}}\\
The control sequence at the end of the top line
of your error message was never \def'ed. If you have
misspelled it (e.g., `\hobx'), type `I' and the correct
spelling (e.g., `I\hbox'). Otherwise just continue,
and I'll forget about whatever was undefined.


Overfull \hbox (17.16667pt too wide) in paragraph at lines 8--8
 \OT1/cmss/m/n/10 blue[] 
 []

! Undefined control sequence.
l.10 {\huge
            Distributed Event Streams Composition} \\[24pt]
The control sequence at the end of the top line
of your error message was never \def'ed. If you have
misspelled it (e.g., `\hobx'), type `I' and the correct
spelling (e.g., `I\hbox'). Otherwise just continue,
and I'll forget about whatever was undefined.


Overfull \hbox (46.41673pt too wide) in paragraph at lines 10--10
 []\OT1/cmss/m/n/10 Distributed 
 []


Overfull \hbox (23.80559pt too wide) in paragraph at lines 10--10
 \OT1/cmss/m/n/10 Event 
 []


Overfull \hbox (33.61118pt too wide) in paragraph at lines 10--10
 \OT1/cmss/m/n/10 Streams 
 []


Overfull \hbox (22.6667pt too wide) in paragraph at lines 10--10
 \OT1/cmss/m/n/10 Com- 
 []


Overfull \hbox (13.7778pt too wide) in paragraph at lines 10--10
 \OT1/cmss/m/n/10 po- 
 []


Overfull \hbox (9.55554pt too wide) in paragraph at lines 10--10
 \OT1/cmss/m/n/10 si- 
 []


Overfull \hbox (16.16669pt too wide) in paragraph at lines 10--10
 \OT1/cmss/m/n/10 tion 
 []

! Undefined control sequence.
l.11 {\color
            {blue}\rule{\linewidth}{2pt}}
The control sequence at the end of the top line
of your error message was never \def'ed. If you have
misspelled it (e.g., `\hobx'), type `I' and the correct
spelling (e.g., `I\hbox'). Otherwise just continue,
and I'll forget about whatever was undefined.


Overfull \hbox (17.16667pt too wide) in paragraph at lines 11--13
 []\OT1/cmss/m/n/10 blue[] 
 []

LaTeX Font Info:    External font `cmex10' loaded for size
(Font)              <7> on input line 16.
LaTeX Font Info:    External font `cmex10' loaded for size
(Font)              <5> on input line 16.
! Undefined control sequence.
<argument> ...ma \@parboxrestore \includegraphics 
                                                  [scale=0.75]{images/UDG}\@...
l.17 ...{\includegraphics[scale=0.75]{images/UDG}}
                                                  
The control sequence at the end of the top line
of your error message was never \def'ed. If you have
misspelled it (e.g., `\hobx'), type `I' and the correct
spelling (e.g., `I\hbox'). Otherwise just continue,
and I'll forget about whatever was undefined.

Missing character: There is no √ in font cmss10!
Missing character: There is no © in font cmss10!
Missing character: There is no √ in font cmss10!
Missing character: There is no © in font cmss10!
Missing character: There is no √ in font cmss10!
Missing character: There is no © in font cmss10!
Missing character: There is no √ in font cmss10!
Missing character: There is no © in font cmss10!
! Undefined control sequence.
<argument> ...\ [4pt] \null \hspace {3em} {\color 
                                                  {blue} \textbf {Orleant EP...
l.34  }
       
The control sequence at the end of the top line
of your error message was never \def'ed. If you have
misspelled it (e.g., `\hobx'), type `I' and the correct
spelling (e.g., `I\hbox'). Otherwise just continue,
and I'll forget about whatever was undefined.

! Undefined control sequence.
<argument> ...Orleant EPAL NJAMEN}}\\[9pt] \small 
                                                  accept√©e sur proposition ...
l.34  }
       
The control sequence at the end of the top line
of your error message was never \def'ed. If you have
misspelled it (e.g., `\hobx'), type `I' and the correct
spelling (e.g., `I\hbox'). Otherwise just continue,
and I'll forget about whatever was undefined.

Missing character: There is no √ in font cmss10!
Missing character: There is no © in font cmss10!
Missing character: There is no √ in font cmss10!
Missing character: There is no ® in font cmss10!
Missing character: There is no √ in font cmss10!
Missing character: There is no ® in font cmss10!

Underfull \hbox (badness 10000) in paragraph at lines 34--34

 []


Overfull \hbox (8191.99997pt too wide) in paragraph at lines 16--36
 [][] 
 []


! LaTeX Error: \begin{document} ended by \end{titlepage}.

See the LaTeX manual or LaTeX Companion for explanation.
Type  H <return>  for immediate help.
 ...                                              
                                                  
l.38 \end{titlepage}
                    
Your command was ignored.
Type  I <command> <return>  to replace it with another command,
or  <return>  to continue without it.

)
! Emergency stop.
<*> titlepage.tex
                 
*** (job aborted, no legal \end found)

 
Here is how much of TeX's memory you used:
 17 strings out of 493304
 264 string characters out of 6139872
 52880 words of memory out of 5000000
 3574 multiletter control sequences out of 15000+600000
 4239 words of font info for 16 fonts, out of 8000000 for 9000
 957 hyphenation exceptions out of 8191
 19i,9n,17p,168b,277s stack positions out of 5000i,500n,10000p,200000b,80000s
!  ==> Fatal error occurred, no output PDF file produced!
